<?xml version="1.0" encoding="UTF-8"?>
<coverage generated="1461804426175" clover="3.2.0">
	<project timestamp="1461804426175"  name="All Files" >
		<metrics statements="54"  coveredstatements="51"  conditionals="88"  coveredconditionals="57"  methods="34"  coveredmethods="31"  elements="176"  coveredelements="139"  complexity="0"  packages="2"  files="7"  classes="7"  loc="254"  ncloc="254" />
		<package name="__mocks__" >
			<metrics statements="3"  coveredstatements="3"  conditionals="4"  coveredconditionals="3"  methods="1"  coveredmethods="1" />
			<file name="react-native.js"  path="/Users/chris/Desktop/mobile/__mocks__/react-native.js" >
				<metrics statements="3"  coveredstatements="3"  conditionals="4"  coveredconditionals="3"  methods="1"  coveredmethods="1" />
				<line num="1"  count="6"  type="stmt" />
				<line num="3"  count="6"  type="cond"  truecount="3"  falsecount="1" />
				<line num="5"  count="6"  type="stmt" />
			</file>
		</package>
		<package name="src.widgets.DataTable" >
			<metrics statements="51"  coveredstatements="48"  conditionals="84"  coveredconditionals="54"  methods="33"  coveredmethods="30" />
			<file name="Cell.js"  path="/Users/chris/Desktop/mobile/src/widgets/DataTable/Cell.js" >
				<metrics statements="6"  coveredstatements="6"  conditionals="4"  coveredconditionals="3"  methods="2"  coveredmethods="2" />
				<line num="1"  count="1"  type="stmt" />
				<line num="14"  count="1"  type="cond"  truecount="3"  falsecount="1" />
				<line num="15"  count="2"  type="stmt" />
				<line num="24"  count="1"  type="stmt" />
				<line num="30"  count="1"  type="stmt" />
				<line num="34"  count="1"  type="stmt" />
			</file>
			<file name="EditableCell.js"  path="/Users/chris/Desktop/mobile/src/widgets/DataTable/EditableCell.js" >
				<metrics statements="16"  coveredstatements="13"  conditionals="31"  coveredconditionals="18"  methods="14"  coveredmethods="11" />
				<line num="1"  count="3"  type="cond"  truecount="5"  falsecount="3" />
				<line num="8"  count="3"  type="cond"  truecount="13"  falsecount="10" />
				<line num="15"  count="1"  type="stmt" />
				<line num="16"  count="3"  type="stmt" />
				<line num="18"  count="3"  type="stmt" />
				<line num="21"  count="3"  type="stmt" />
				<line num="25"  count="3"  type="stmt" />
				<line num="31"  count="0"  type="stmt" />
				<line num="34"  count="3"  type="stmt" />
				<line num="35"  count="3"  type="stmt" />
				<line num="40"  count="0"  type="stmt" />
				<line num="41"  count="0"  type="stmt" />
				<line num="42"  count="1"  type="stmt" />
				<line num="49"  count="1"  type="stmt" />
				<line num="61"  count="1"  type="stmt" />
				<line num="65"  count="1"  type="stmt" />
			</file>
			<file name="Expansion.js"  path="/Users/chris/Desktop/mobile/src/widgets/DataTable/Expansion.js" >
				<metrics statements="5"  coveredstatements="5"  conditionals="4"  coveredconditionals="3"  methods="2"  coveredmethods="2" />
				<line num="1"  count="1"  type="stmt" />
				<line num="13"  count="1"  type="cond"  truecount="3"  falsecount="1" />
				<line num="14"  count="2"  type="stmt" />
				<line num="21"  count="1"  type="stmt" />
				<line num="25"  count="1"  type="stmt" />
			</file>
			<file name="Header.js"  path="/Users/chris/Desktop/mobile/src/widgets/DataTable/Header.js" >
				<metrics statements="5"  coveredstatements="5"  conditionals="4"  coveredconditionals="3"  methods="2"  coveredmethods="2" />
				<line num="1"  count="1"  type="stmt" />
				<line num="13"  count="1"  type="cond"  truecount="3"  falsecount="1" />
				<line num="14"  count="2"  type="stmt" />
				<line num="21"  count="1"  type="stmt" />
				<line num="26"  count="1"  type="stmt" />
			</file>
			<file name="HeaderCell.js"  path="/Users/chris/Desktop/mobile/src/widgets/DataTable/HeaderCell.js" >
				<metrics statements="8"  coveredstatements="8"  conditionals="6"  coveredconditionals="5"  methods="2"  coveredmethods="2" />
				<line num="1"  count="1"  type="stmt" />
				<line num="15"  count="1"  type="cond"  truecount="3"  falsecount="1" />
				<line num="16"  count="3"  type="cond"  truecount="2"  falsecount="0" />
				<line num="17"  count="2"  type="stmt" />
				<line num="28"  count="1"  type="stmt" />
				<line num="37"  count="1"  type="stmt" />
				<line num="44"  count="1"  type="stmt" />
				<line num="48"  count="1"  type="stmt" />
			</file>
			<file name="Row.js"  path="/Users/chris/Desktop/mobile/src/widgets/DataTable/Row.js" >
				<metrics statements="11"  coveredstatements="11"  conditionals="35"  coveredconditionals="22"  methods="11"  coveredmethods="11" />
				<line num="1"  count="2"  type="cond"  truecount="5"  falsecount="3" />
				<line num="8"  count="5"  type="cond"  truecount="13"  falsecount="10" />
				<line num="15"  count="1"  type="stmt" />
				<line num="16"  count="5"  type="stmt" />
				<line num="18"  count="5"  type="stmt" />
				<line num="21"  count="5"  type="stmt" />
				<line num="25"  count="2"  type="stmt" />
				<line num="31"  count="7"  type="stmt" />
				<line num="39"  count="1"  type="cond"  truecount="2"  falsecount="0" />
				<line num="45"  count="1"  type="stmt" />
				<line num="51"  count="1"  type="stmt" />
			</file>
		</package>
	</project>
</coverage>
