{
"/Users/chris/Desktop/mobile/src/widgets/DataTable/HeaderCell.js":{"path":"/Users/chris/Desktop/mobile/src/widgets/DataTable/HeaderCell.js","s":{"1":1,"2":1,"3":1,"4":1,"5":1,"6":1,"7":1,"8":3,"9":2,"10":1,"11":1,"12":1,"13":1},"b":{"1":[0,1],"2":[1,1],"3":[2,1]},"f":{"1":1,"2":3},"fnMap":{"1":{"name":"_interopRequireDefault","line":15,"loc":{"start":{"line":15,"column":107},"end":{"line":15,"column":143}}},"2":{"name":"HeaderCell","line":15,"loc":{"start":{"line":15,"column":190},"end":{"line":15,"column":216}}}},"statementMap":{"1":{"start":{"line":1,"column":0},"end":{"line":1,"column":57}},"2":{"start":{"line":1,"column":57},"end":{"line":15,"column":11}},"3":{"start":{"line":15,"column":11},"end":{"line":15,"column":52}},"4":{"start":{"line":15,"column":52},"end":{"line":15,"column":107}},"5":{"start":{"line":15,"column":107},"end":{"line":15,"column":190}},"6":{"start":{"line":15,"column":144},"end":{"line":15,"column":189}},"7":{"start":{"line":15,"column":190},"end":{"line":31,"column":19}},"8":{"start":{"line":16,"column":0},"end":{"line":23,"column":19}},"9":{"start":{"line":17,"column":0},"end":{"line":23,"column":18}},"10":{"start":{"line":28,"column":0},"end":{"line":31,"column":18}},"11":{"start":{"line":37,"column":0},"end":{"line":41,"column":46}},"12":{"start":{"line":44,"column":0},"end":{"line":45,"column":9}},"13":{"start":{"line":48,"column":0},"end":{"line":51,"column":27}}},"branchMap":{"1":{"line":15,"type":"cond-expr","locations":[{"start":{"line":15,"column":171},"end":{"line":15,"column":174}},{"start":{"line":15,"column":175},"end":{"line":15,"column":188}}]},"2":{"line":15,"type":"binary-expr","locations":[{"start":{"line":15,"column":151},"end":{"line":15,"column":154}},{"start":{"line":15,"column":156},"end":{"line":15,"column":170}}]},"3":{"line":16,"type":"if","locations":[{"start":{"line":16,"column":0},"end":{"line":16,"column":0}},{"start":{"line":16,"column":0},"end":{"line":16,"column":0}}]}},"l":{"1":1,"15":1,"16":3,"17":2,"28":1,"37":1,"44":1,"48":1}},
"/Users/chris/Desktop/mobile/__mocks__/react-native.js":{"path":"/Users/chris/Desktop/mobile/__mocks__/react-native.js","s":{"1":6,"2":6,"3":6,"4":6,"5":6,"6":6},"b":{"1":[0,6],"2":[6,6]},"f":{"1":6},"fnMap":{"1":{"name":"_interopRequireDefault","line":3,"loc":{"start":{"line":3,"column":120},"end":{"line":3,"column":156}}}},"statementMap":{"1":{"start":{"line":1,"column":0},"end":{"line":1,"column":33}},"2":{"start":{"line":3,"column":0},"end":{"line":3,"column":65}},"3":{"start":{"line":3,"column":65},"end":{"line":3,"column":120}},"4":{"start":{"line":3,"column":120},"end":{"line":3,"column":203}},"5":{"start":{"line":3,"column":157},"end":{"line":3,"column":202}},"6":{"start":{"line":5,"column":0},"end":{"line":5,"column":37}}},"branchMap":{"1":{"line":3,"type":"cond-expr","locations":[{"start":{"line":3,"column":184},"end":{"line":3,"column":187}},{"start":{"line":3,"column":188},"end":{"line":3,"column":201}}]},"2":{"line":3,"type":"binary-expr","locations":[{"start":{"line":3,"column":164},"end":{"line":3,"column":167}},{"start":{"line":3,"column":169},"end":{"line":3,"column":183}}]}},"l":{"1":6,"3":6,"5":6}},
"/Users/chris/Desktop/mobile/src/widgets/DataTable/EditableCell.js":{"path":"/Users/chris/Desktop/mobile/src/widgets/DataTable/EditableCell.js","s":{"1":1,"2":1,"3":1,"4":1,"5":3,"6":3,"7":3,"8":3,"9":3,"10":3,"11":1,"12":1,"13":1,"14":1,"15":0,"16":1,"17":1,"18":1,"19":1,"20":1,"21":1,"22":3,"23":0,"24":1,"25":3,"26":0,"27":3,"28":1,"29":1,"30":0,"31":1,"32":1,"33":1,"34":1,"35":1,"36":1,"37":3,"38":3,"39":3,"40":3,"41":3,"42":1,"43":3,"44":0,"45":3,"46":3,"47":0,"48":0,"49":1,"50":1,"51":1,"52":1,"53":1},"b":{"1":[3,3],"2":[3,0],"3":[1,0],"4":[0,1],"5":[0,1],"6":[1,1],"7":[0,3],"8":[0,3],"9":[0,3],"10":[3,0,0],"11":[0,1],"12":[1,0],"13":[1,1],"14":[1,0],"15":[1,0]},"f":{"1":1,"2":1,"3":1,"4":1,"5":3,"6":3,"7":1,"8":1,"9":3,"10":3,"11":0,"12":3,"13":0,"14":0},"fnMap":{"1":{"name":"(anonymous_1)","line":1,"loc":{"start":{"line":1,"column":74},"end":{"line":1,"column":84}}},"2":{"name":"defineProperties","line":1,"loc":{"start":{"line":1,"column":85},"end":{"line":1,"column":124}}},"3":{"name":"(anonymous_3)","line":1,"loc":{"start":{"line":1,"column":376},"end":{"line":1,"column":420}}},"4":{"name":"_interopRequireDefault","line":8,"loc":{"start":{"line":8,"column":96},"end":{"line":8,"column":132}}},"5":{"name":"_classCallCheck","line":8,"loc":{"start":{"line":8,"column":179},"end":{"line":8,"column":225}}},"6":{"name":"_possibleConstructorReturn","line":8,"loc":{"start":{"line":8,"column":324},"end":{"line":8,"column":370}}},"7":{"name":"_inherits","line":8,"loc":{"start":{"line":8,"column":543},"end":{"line":8,"column":582}}},"8":{"name":"(anonymous_8)","line":15,"loc":{"start":{"line":15,"column":13},"end":{"line":15,"column":33}}},"9":{"name":"EditableCell","line":16,"loc":{"start":{"line":16,"column":0},"end":{"line":16,"column":28}}},"10":{"name":"componentWillMount","line":21,"loc":{"start":{"line":21,"column":135},"end":{"line":24,"column":0}}},"11":{"name":"onEndEditing","line":26,"loc":{"start":{"line":26,"column":62},"end":{"line":30,"column":0}}},"12":{"name":"render","line":31,"loc":{"start":{"line":31,"column":83},"end":{"line":34,"column":0}}},"13":{"name":"(anonymous_13)","line":40,"loc":{"start":{"line":40,"column":9},"end":{"line":40,"column":24}}},"14":{"name":"(anonymous_14)","line":41,"loc":{"start":{"line":41,"column":13},"end":{"line":41,"column":23}}}},"statementMap":{"1":{"start":{"line":1,"column":0},"end":{"line":1,"column":57}},"2":{"start":{"line":1,"column":57},"end":{"line":1,"column":568}},"3":{"start":{"line":1,"column":85},"end":{"line":1,"column":369}},"4":{"start":{"line":1,"column":125},"end":{"line":1,"column":368}},"5":{"start":{"line":1,"column":157},"end":{"line":1,"column":181}},"6":{"start":{"line":1,"column":181},"end":{"line":1,"column":232}},"7":{"start":{"line":1,"column":232},"end":{"line":1,"column":261}},"8":{"start":{"line":1,"column":261},"end":{"line":1,"column":311}},"9":{"start":{"line":1,"column":286},"end":{"line":1,"column":311}},"10":{"start":{"line":1,"column":311},"end":{"line":1,"column":367}},"11":{"start":{"line":1,"column":369},"end":{"line":1,"column":564}},"12":{"start":{"line":1,"column":421},"end":{"line":1,"column":486}},"13":{"start":{"line":1,"column":435},"end":{"line":1,"column":486}},"14":{"start":{"line":1,"column":486},"end":{"line":1,"column":543}},"15":{"start":{"line":1,"column":501},"end":{"line":1,"column":543}},"16":{"start":{"line":1,"column":543},"end":{"line":1,"column":562}},"17":{"start":{"line":8,"column":0},"end":{"line":8,"column":41}},"18":{"start":{"line":8,"column":41},"end":{"line":8,"column":96}},"19":{"start":{"line":8,"column":96},"end":{"line":8,"column":179}},"20":{"start":{"line":8,"column":133},"end":{"line":8,"column":178}},"21":{"start":{"line":8,"column":179},"end":{"line":8,"column":324}},"22":{"start":{"line":8,"column":226},"end":{"line":8,"column":323}},"23":{"start":{"line":8,"column":265},"end":{"line":8,"column":322}},"24":{"start":{"line":8,"column":324},"end":{"line":8,"column":543}},"25":{"start":{"line":8,"column":371},"end":{"line":8,"column":468}},"26":{"start":{"line":8,"column":381},"end":{"line":8,"column":467}},"27":{"start":{"line":8,"column":468},"end":{"line":8,"column":542}},"28":{"start":{"line":8,"column":543},"end":{"line":8,"column":993}},"29":{"start":{"line":8,"column":583},"end":{"line":8,"column":736}},"30":{"start":{"line":8,"column":637},"end":{"line":8,"column":735}},"31":{"start":{"line":8,"column":736},"end":{"line":8,"column":883}},"32":{"start":{"line":8,"column":883},"end":{"line":8,"column":992}},"33":{"start":{"line":8,"column":897},"end":{"line":8,"column":992}},"34":{"start":{"line":8,"column":993},"end":{"line":42,"column":78}},"35":{"start":{"line":15,"column":34},"end":{"line":15,"column":69}},"36":{"start":{"line":16,"column":0},"end":{"line":21,"column":76}},"37":{"start":{"line":16,"column":29},"end":{"line":16,"column":64}},"38":{"start":{"line":16,"column":64},"end":{"line":17,"column":8}},"39":{"start":{"line":18,"column":0},"end":{"line":19,"column":13}},"40":{"start":{"line":21,"column":0},"end":{"line":21,"column":62}},"41":{"start":{"line":21,"column":62},"end":{"line":21,"column":75}},"42":{"start":{"line":21,"column":76},"end":{"line":42,"column":32}},"43":{"start":{"line":25,"column":0},"end":{"line":26,"column":33}},"44":{"start":{"line":31,"column":0},"end":{"line":31,"column":60}},"45":{"start":{"line":34,"column":1},"end":{"line":34,"column":17}},"46":{"start":{"line":35,"column":0},"end":{"line":42,"column":27}},"47":{"start":{"line":40,"column":25},"end":{"line":40,"column":80}},"48":{"start":{"line":41,"column":24},"end":{"line":41,"column":53}},"49":{"start":{"line":42,"column":32},"end":{"line":42,"column":52}},"50":{"start":{"line":42,"column":78},"end":{"line":42,"column":107}},"51":{"start":{"line":49,"column":0},"end":{"line":57,"column":42}},"52":{"start":{"line":61,"column":0},"end":{"line":62,"column":9}},"53":{"start":{"line":65,"column":0},"end":{"line":68,"column":26}}},"branchMap":{"1":{"line":1,"type":"binary-expr","locations":[{"start":{"line":1,"column":203},"end":{"line":1,"column":224}},{"start":{"line":1,"column":226},"end":{"line":1,"column":231}}]},"2":{"line":1,"type":"if","locations":[{"start":{"line":1,"column":261},"end":{"line":1,"column":261}},{"start":{"line":1,"column":261},"end":{"line":1,"column":261}}]},"3":{"line":1,"type":"if","locations":[{"start":{"line":1,"column":421},"end":{"line":1,"column":421}},{"start":{"line":1,"column":421},"end":{"line":1,"column":421}}]},"4":{"line":1,"type":"if","locations":[{"start":{"line":1,"column":486},"end":{"line":1,"column":486}},{"start":{"line":1,"column":486},"end":{"line":1,"column":486}}]},"5":{"line":8,"type":"cond-expr","locations":[{"start":{"line":8,"column":160},"end":{"line":8,"column":163}},{"start":{"line":8,"column":164},"end":{"line":8,"column":177}}]},"6":{"line":8,"type":"binary-expr","locations":[{"start":{"line":8,"column":140},"end":{"line":8,"column":143}},{"start":{"line":8,"column":145},"end":{"line":8,"column":159}}]},"7":{"line":8,"type":"if","locations":[{"start":{"line":8,"column":226},"end":{"line":8,"column":226}},{"start":{"line":8,"column":226},"end":{"line":8,"column":226}}]},"8":{"line":8,"type":"if","locations":[{"start":{"line":8,"column":371},"end":{"line":8,"column":371}},{"start":{"line":8,"column":371},"end":{"line":8,"column":371}}]},"9":{"line":8,"type":"cond-expr","locations":[{"start":{"line":8,"column":532},"end":{"line":8,"column":536}},{"start":{"line":8,"column":537},"end":{"line":8,"column":541}}]},"10":{"line":8,"type":"binary-expr","locations":[{"start":{"line":8,"column":475},"end":{"line":8,"column":479}},{"start":{"line":8,"column":482},"end":{"line":8,"column":504}},{"start":{"line":8,"column":506},"end":{"line":8,"column":530}}]},"11":{"line":8,"type":"if","locations":[{"start":{"line":8,"column":583},"end":{"line":8,"column":583}},{"start":{"line":8,"column":583},"end":{"line":8,"column":583}}]},"12":{"line":8,"type":"binary-expr","locations":[{"start":{"line":8,"column":586},"end":{"line":8,"column":616}},{"start":{"line":8,"column":618},"end":{"line":8,"column":635}}]},"13":{"line":8,"type":"binary-expr","locations":[{"start":{"line":8,"column":769},"end":{"line":8,"column":779}},{"start":{"line":8,"column":781},"end":{"line":8,"column":801}}]},"14":{"line":8,"type":"if","locations":[{"start":{"line":8,"column":883},"end":{"line":8,"column":883}},{"start":{"line":8,"column":883},"end":{"line":8,"column":883}}]},"15":{"line":8,"type":"cond-expr","locations":[{"start":{"line":8,"column":919},"end":{"line":8,"column":961}},{"start":{"line":8,"column":962},"end":{"line":8,"column":991}}]}},"l":{"1":3,"8":3,"15":1,"16":3,"18":3,"21":3,"25":3,"31":0,"34":3,"35":3,"40":0,"41":0,"42":1,"49":1,"61":1,"65":1}},
"/Users/chris/Desktop/mobile/src/widgets/DataTable/Expansion.js":{"path":"/Users/chris/Desktop/mobile/src/widgets/DataTable/Expansion.js","s":{"1":1,"2":1,"3":1,"4":1,"5":1,"6":1,"7":1,"8":2,"9":1,"10":1},"b":{"1":[0,1],"2":[1,1]},"f":{"1":1,"2":2},"fnMap":{"1":{"name":"_interopRequireDefault","line":13,"loc":{"start":{"line":13,"column":106},"end":{"line":13,"column":142}}},"2":{"name":"Expansion","line":13,"loc":{"start":{"line":13,"column":189},"end":{"line":13,"column":214}}}},"statementMap":{"1":{"start":{"line":1,"column":0},"end":{"line":1,"column":57}},"2":{"start":{"line":1,"column":57},"end":{"line":13,"column":10}},"3":{"start":{"line":13,"column":10},"end":{"line":13,"column":51}},"4":{"start":{"line":13,"column":51},"end":{"line":13,"column":106}},"5":{"start":{"line":13,"column":106},"end":{"line":13,"column":189}},"6":{"start":{"line":13,"column":143},"end":{"line":13,"column":188}},"7":{"start":{"line":13,"column":189},"end":{"line":16,"column":18}},"8":{"start":{"line":14,"column":0},"end":{"line":16,"column":17}},"9":{"start":{"line":21,"column":0},"end":{"line":22,"column":46}},"10":{"start":{"line":25,"column":0},"end":{"line":29,"column":29}}},"branchMap":{"1":{"line":13,"type":"cond-expr","locations":[{"start":{"line":13,"column":170},"end":{"line":13,"column":173}},{"start":{"line":13,"column":174},"end":{"line":13,"column":187}}]},"2":{"line":13,"type":"binary-expr","locations":[{"start":{"line":13,"column":150},"end":{"line":13,"column":153}},{"start":{"line":13,"column":155},"end":{"line":13,"column":169}}]}},"l":{"1":1,"13":1,"14":2,"21":1,"25":1}},
"/Users/chris/Desktop/mobile/src/widgets/DataTable/Header.js":{"path":"/Users/chris/Desktop/mobile/src/widgets/DataTable/Header.js","s":{"1":1,"2":1,"3":1,"4":1,"5":1,"6":1,"7":1,"8":2,"9":1,"10":1},"b":{"1":[0,1],"2":[1,1]},"f":{"1":1,"2":2},"fnMap":{"1":{"name":"_interopRequireDefault","line":13,"loc":{"start":{"line":13,"column":103},"end":{"line":13,"column":139}}},"2":{"name":"Header","line":13,"loc":{"start":{"line":13,"column":186},"end":{"line":13,"column":208}}}},"statementMap":{"1":{"start":{"line":1,"column":0},"end":{"line":1,"column":57}},"2":{"start":{"line":1,"column":57},"end":{"line":13,"column":7}},"3":{"start":{"line":13,"column":7},"end":{"line":13,"column":48}},"4":{"start":{"line":13,"column":48},"end":{"line":13,"column":103}},"5":{"start":{"line":13,"column":103},"end":{"line":13,"column":186}},"6":{"start":{"line":13,"column":140},"end":{"line":13,"column":185}},"7":{"start":{"line":13,"column":186},"end":{"line":16,"column":18}},"8":{"start":{"line":14,"column":0},"end":{"line":16,"column":17}},"9":{"start":{"line":21,"column":0},"end":{"line":23,"column":47}},"10":{"start":{"line":26,"column":0},"end":{"line":30,"column":26}}},"branchMap":{"1":{"line":13,"type":"cond-expr","locations":[{"start":{"line":13,"column":167},"end":{"line":13,"column":170}},{"start":{"line":13,"column":171},"end":{"line":13,"column":184}}]},"2":{"line":13,"type":"binary-expr","locations":[{"start":{"line":13,"column":147},"end":{"line":13,"column":150}},{"start":{"line":13,"column":152},"end":{"line":13,"column":166}}]}},"l":{"1":1,"13":1,"14":2,"21":1,"26":1}},
"/Users/chris/Desktop/mobile/src/widgets/DataTable/Cell.js":{"path":"/Users/chris/Desktop/mobile/src/widgets/DataTable/Cell.js","s":{"1":1,"2":1,"3":1,"4":1,"5":1,"6":1,"7":1,"8":2,"9":1,"10":1,"11":1},"b":{"1":[0,1],"2":[1,1]},"f":{"1":1,"2":2},"fnMap":{"1":{"name":"_interopRequireDefault","line":14,"loc":{"start":{"line":14,"column":101},"end":{"line":14,"column":137}}},"2":{"name":"Cell","line":14,"loc":{"start":{"line":14,"column":184},"end":{"line":14,"column":204}}}},"statementMap":{"1":{"start":{"line":1,"column":0},"end":{"line":1,"column":57}},"2":{"start":{"line":1,"column":57},"end":{"line":14,"column":5}},"3":{"start":{"line":14,"column":5},"end":{"line":14,"column":46}},"4":{"start":{"line":14,"column":46},"end":{"line":14,"column":101}},"5":{"start":{"line":14,"column":101},"end":{"line":14,"column":184}},"6":{"start":{"line":14,"column":138},"end":{"line":14,"column":183}},"7":{"start":{"line":14,"column":184},"end":{"line":18,"column":19}},"8":{"start":{"line":15,"column":0},"end":{"line":18,"column":18}},"9":{"start":{"line":24,"column":0},"end":{"line":27,"column":46}},"10":{"start":{"line":30,"column":0},"end":{"line":31,"column":9}},"11":{"start":{"line":34,"column":0},"end":{"line":37,"column":27}}},"branchMap":{"1":{"line":14,"type":"cond-expr","locations":[{"start":{"line":14,"column":165},"end":{"line":14,"column":168}},{"start":{"line":14,"column":169},"end":{"line":14,"column":182}}]},"2":{"line":14,"type":"binary-expr","locations":[{"start":{"line":14,"column":145},"end":{"line":14,"column":148}},{"start":{"line":14,"column":150},"end":{"line":14,"column":164}}]}},"l":{"1":1,"14":1,"15":2,"24":1,"30":1,"34":1}},
"/Users/chris/Desktop/mobile/src/widgets/DataTable/Row.js":{"path":"/Users/chris/Desktop/mobile/src/widgets/DataTable/Row.js","s":{"1":1,"2":1,"3":1,"4":1,"5":2,"6":2,"7":2,"8":2,"9":2,"10":2,"11":1,"12":1,"13":1,"14":1,"15":0,"16":1,"17":1,"18":1,"19":1,"20":1,"21":1,"22":5,"23":0,"24":1,"25":5,"26":0,"27":5,"28":1,"29":1,"30":0,"31":1,"32":1,"33":1,"34":1,"35":1,"36":1,"37":5,"38":5,"39":5,"40":5,"41":5,"42":1,"43":2,"44":7,"45":1,"46":1,"47":1,"48":1},"b":{"1":[2,2],"2":[2,0],"3":[1,0],"4":[0,1],"5":[0,1],"6":[1,1],"7":[0,5],"8":[0,5],"9":[0,5],"10":[5,0,0],"11":[0,1],"12":[1,0],"13":[1,1],"14":[1,0],"15":[1,0],"16":[7,4],"17":[7,2]},"f":{"1":1,"2":1,"3":1,"4":1,"5":5,"6":5,"7":1,"8":1,"9":5,"10":2,"11":7},"fnMap":{"1":{"name":"(anonymous_1)","line":1,"loc":{"start":{"line":1,"column":74},"end":{"line":1,"column":84}}},"2":{"name":"defineProperties","line":1,"loc":{"start":{"line":1,"column":85},"end":{"line":1,"column":124}}},"3":{"name":"(anonymous_3)","line":1,"loc":{"start":{"line":1,"column":376},"end":{"line":1,"column":420}}},"4":{"name":"_interopRequireDefault","line":8,"loc":{"start":{"line":8,"column":96},"end":{"line":8,"column":132}}},"5":{"name":"_classCallCheck","line":8,"loc":{"start":{"line":8,"column":179},"end":{"line":8,"column":225}}},"6":{"name":"_possibleConstructorReturn","line":8,"loc":{"start":{"line":8,"column":324},"end":{"line":8,"column":370}}},"7":{"name":"_inherits","line":8,"loc":{"start":{"line":8,"column":543},"end":{"line":8,"column":582}}},"8":{"name":"(anonymous_8)","line":15,"loc":{"start":{"line":15,"column":4},"end":{"line":15,"column":24}}},"9":{"name":"Row","line":16,"loc":{"start":{"line":16,"column":0},"end":{"line":16,"column":19}}},"10":{"name":"expandRow","line":21,"loc":{"start":{"line":21,"column":99},"end":{"line":24,"column":0}}},"11":{"name":"render","line":26,"loc":{"start":{"line":26,"column":61},"end":{"line":30,"column":0}}}},"statementMap":{"1":{"start":{"line":1,"column":0},"end":{"line":1,"column":57}},"2":{"start":{"line":1,"column":57},"end":{"line":1,"column":568}},"3":{"start":{"line":1,"column":85},"end":{"line":1,"column":369}},"4":{"start":{"line":1,"column":125},"end":{"line":1,"column":368}},"5":{"start":{"line":1,"column":157},"end":{"line":1,"column":181}},"6":{"start":{"line":1,"column":181},"end":{"line":1,"column":232}},"7":{"start":{"line":1,"column":232},"end":{"line":1,"column":261}},"8":{"start":{"line":1,"column":261},"end":{"line":1,"column":311}},"9":{"start":{"line":1,"column":286},"end":{"line":1,"column":311}},"10":{"start":{"line":1,"column":311},"end":{"line":1,"column":367}},"11":{"start":{"line":1,"column":369},"end":{"line":1,"column":564}},"12":{"start":{"line":1,"column":421},"end":{"line":1,"column":486}},"13":{"start":{"line":1,"column":435},"end":{"line":1,"column":486}},"14":{"start":{"line":1,"column":486},"end":{"line":1,"column":543}},"15":{"start":{"line":1,"column":501},"end":{"line":1,"column":543}},"16":{"start":{"line":1,"column":543},"end":{"line":1,"column":562}},"17":{"start":{"line":8,"column":0},"end":{"line":8,"column":41}},"18":{"start":{"line":8,"column":41},"end":{"line":8,"column":96}},"19":{"start":{"line":8,"column":96},"end":{"line":8,"column":179}},"20":{"start":{"line":8,"column":133},"end":{"line":8,"column":178}},"21":{"start":{"line":8,"column":179},"end":{"line":8,"column":324}},"22":{"start":{"line":8,"column":226},"end":{"line":8,"column":323}},"23":{"start":{"line":8,"column":265},"end":{"line":8,"column":322}},"24":{"start":{"line":8,"column":324},"end":{"line":8,"column":543}},"25":{"start":{"line":8,"column":371},"end":{"line":8,"column":468}},"26":{"start":{"line":8,"column":381},"end":{"line":8,"column":467}},"27":{"start":{"line":8,"column":468},"end":{"line":8,"column":542}},"28":{"start":{"line":8,"column":543},"end":{"line":8,"column":993}},"29":{"start":{"line":8,"column":583},"end":{"line":8,"column":736}},"30":{"start":{"line":8,"column":637},"end":{"line":8,"column":735}},"31":{"start":{"line":8,"column":736},"end":{"line":8,"column":883}},"32":{"start":{"line":8,"column":883},"end":{"line":8,"column":992}},"33":{"start":{"line":8,"column":897},"end":{"line":8,"column":992}},"34":{"start":{"line":8,"column":993},"end":{"line":39,"column":94}},"35":{"start":{"line":15,"column":25},"end":{"line":15,"column":51}},"36":{"start":{"line":16,"column":0},"end":{"line":21,"column":58}},"37":{"start":{"line":16,"column":20},"end":{"line":16,"column":46}},"38":{"start":{"line":16,"column":46},"end":{"line":17,"column":8}},"39":{"start":{"line":18,"column":0},"end":{"line":19,"column":16}},"40":{"start":{"line":21,"column":0},"end":{"line":21,"column":44}},"41":{"start":{"line":21,"column":44},"end":{"line":21,"column":57}},"42":{"start":{"line":21,"column":58},"end":{"line":39,"column":57}},"43":{"start":{"line":25,"column":0},"end":{"line":26,"column":38}},"44":{"start":{"line":31,"column":0},"end":{"line":39,"column":52}},"45":{"start":{"line":39,"column":57},"end":{"line":39,"column":68}},"46":{"start":{"line":39,"column":94},"end":{"line":39,"column":114}},"47":{"start":{"line":45,"column":0},"end":{"line":48,"column":46}},"48":{"start":{"line":51,"column":0},"end":{"line":58,"column":29}}},"branchMap":{"1":{"line":1,"type":"binary-expr","locations":[{"start":{"line":1,"column":203},"end":{"line":1,"column":224}},{"start":{"line":1,"column":226},"end":{"line":1,"column":231}}]},"2":{"line":1,"type":"if","locations":[{"start":{"line":1,"column":261},"end":{"line":1,"column":261}},{"start":{"line":1,"column":261},"end":{"line":1,"column":261}}]},"3":{"line":1,"type":"if","locations":[{"start":{"line":1,"column":421},"end":{"line":1,"column":421}},{"start":{"line":1,"column":421},"end":{"line":1,"column":421}}]},"4":{"line":1,"type":"if","locations":[{"start":{"line":1,"column":486},"end":{"line":1,"column":486}},{"start":{"line":1,"column":486},"end":{"line":1,"column":486}}]},"5":{"line":8,"type":"cond-expr","locations":[{"start":{"line":8,"column":160},"end":{"line":8,"column":163}},{"start":{"line":8,"column":164},"end":{"line":8,"column":177}}]},"6":{"line":8,"type":"binary-expr","locations":[{"start":{"line":8,"column":140},"end":{"line":8,"column":143}},{"start":{"line":8,"column":145},"end":{"line":8,"column":159}}]},"7":{"line":8,"type":"if","locations":[{"start":{"line":8,"column":226},"end":{"line":8,"column":226}},{"start":{"line":8,"column":226},"end":{"line":8,"column":226}}]},"8":{"line":8,"type":"if","locations":[{"start":{"line":8,"column":371},"end":{"line":8,"column":371}},{"start":{"line":8,"column":371},"end":{"line":8,"column":371}}]},"9":{"line":8,"type":"cond-expr","locations":[{"start":{"line":8,"column":532},"end":{"line":8,"column":536}},{"start":{"line":8,"column":537},"end":{"line":8,"column":541}}]},"10":{"line":8,"type":"binary-expr","locations":[{"start":{"line":8,"column":475},"end":{"line":8,"column":479}},{"start":{"line":8,"column":482},"end":{"line":8,"column":504}},{"start":{"line":8,"column":506},"end":{"line":8,"column":530}}]},"11":{"line":8,"type":"if","locations":[{"start":{"line":8,"column":583},"end":{"line":8,"column":583}},{"start":{"line":8,"column":583},"end":{"line":8,"column":583}}]},"12":{"line":8,"type":"binary-expr","locations":[{"start":{"line":8,"column":586},"end":{"line":8,"column":616}},{"start":{"line":8,"column":618},"end":{"line":8,"column":635}}]},"13":{"line":8,"type":"binary-expr","locations":[{"start":{"line":8,"column":769},"end":{"line":8,"column":779}},{"start":{"line":8,"column":781},"end":{"line":8,"column":801}}]},"14":{"line":8,"type":"if","locations":[{"start":{"line":8,"column":883},"end":{"line":8,"column":883}},{"start":{"line":8,"column":883},"end":{"line":8,"column":883}}]},"15":{"line":8,"type":"cond-expr","locations":[{"start":{"line":8,"column":919},"end":{"line":8,"column":961}},{"start":{"line":8,"column":962},"end":{"line":8,"column":991}}]},"16":{"line":34,"type":"binary-expr","locations":[{"start":{"line":34,"column":8},"end":{"line":34,"column":54}},{"start":{"line":34,"column":56},"end":{"line":34,"column":70}}]},"17":{"line":39,"type":"binary-expr","locations":[{"start":{"line":39,"column":0},"end":{"line":39,"column":19}},{"start":{"line":39,"column":21},"end":{"line":39,"column":49}}]}},"l":{"1":2,"8":5,"15":1,"16":5,"18":5,"21":5,"25":2,"31":7,"39":1,"45":1,"51":1}}}
