TN:
SF:/Users/chris/Desktop/mobile/src/widgets/DataTable/HeaderCell.js
FN:15,_interopRequireDefault
FN:15,HeaderCell
FNF:2
FNH:2
FNDA:1,_interopRequireDefault
FNDA:3,HeaderCell
DA:1,1
DA:15,1
DA:16,3
DA:17,2
DA:28,1
DA:37,1
DA:44,1
DA:48,1
LF:8
LH:8
BRDA:15,1,0,0
BRDA:15,1,1,1
BRDA:15,2,0,1
BRDA:15,2,1,1
BRDA:16,3,0,2
BRDA:16,3,1,1
BRF:6
BRH:5
end_of_record
TN:
SF:/Users/chris/Desktop/mobile/__mocks__/react-native.js
FN:3,_interopRequireDefault
FNF:1
FNH:1
FNDA:6,_interopRequireDefault
DA:1,6
DA:3,6
DA:5,6
LF:3
LH:3
BRDA:3,1,0,0
BRDA:3,1,1,6
BRDA:3,2,0,6
BRDA:3,2,1,6
BRF:4
BRH:3
end_of_record
TN:
SF:/Users/chris/Desktop/mobile/src/widgets/DataTable/EditableCell.js
FN:1,(anonymous_1)
FN:1,defineProperties
FN:1,(anonymous_3)
FN:8,_interopRequireDefault
FN:8,_classCallCheck
FN:8,_possibleConstructorReturn
FN:8,_inherits
FN:15,(anonymous_8)
FN:16,EditableCell
FN:21,componentWillMount
FN:26,onEndEditing
FN:31,render
FN:40,(anonymous_13)
FN:41,(anonymous_14)
FNF:14
FNH:11
FNDA:1,(anonymous_1)
FNDA:1,defineProperties
FNDA:1,(anonymous_3)
FNDA:1,_interopRequireDefault
FNDA:3,_classCallCheck
FNDA:3,_possibleConstructorReturn
FNDA:1,_inherits
FNDA:1,(anonymous_8)
FNDA:3,EditableCell
FNDA:3,componentWillMount
FNDA:0,onEndEditing
FNDA:3,render
FNDA:0,(anonymous_13)
FNDA:0,(anonymous_14)
DA:1,3
DA:8,3
DA:15,1
DA:16,3
DA:18,3
DA:21,3
DA:25,3
DA:31,0
DA:34,3
DA:35,3
DA:40,0
DA:41,0
DA:42,1
DA:49,1
DA:61,1
DA:65,1
LF:16
LH:13
BRDA:1,1,0,3
BRDA:1,1,1,3
BRDA:1,2,0,3
BRDA:1,2,1,0
BRDA:1,3,0,1
BRDA:1,3,1,0
BRDA:1,4,0,0
BRDA:1,4,1,1
BRDA:8,5,0,0
BRDA:8,5,1,1
BRDA:8,6,0,1
BRDA:8,6,1,1
BRDA:8,7,0,0
BRDA:8,7,1,3
BRDA:8,8,0,0
BRDA:8,8,1,3
BRDA:8,9,0,0
BRDA:8,9,1,3
BRDA:8,10,0,3
BRDA:8,10,1,0
BRDA:8,10,2,0
BRDA:8,11,0,0
BRDA:8,11,1,1
BRDA:8,12,0,1
BRDA:8,12,1,0
BRDA:8,13,0,1
BRDA:8,13,1,1
BRDA:8,14,0,1
BRDA:8,14,1,0
BRDA:8,15,0,1
BRDA:8,15,1,0
BRF:31
BRH:18
end_of_record
TN:
SF:/Users/chris/Desktop/mobile/src/widgets/DataTable/Expansion.js
FN:13,_interopRequireDefault
FN:13,Expansion
FNF:2
FNH:2
FNDA:1,_interopRequireDefault
FNDA:2,Expansion
DA:1,1
DA:13,1
DA:14,2
DA:21,1
DA:25,1
LF:5
LH:5
BRDA:13,1,0,0
BRDA:13,1,1,1
BRDA:13,2,0,1
BRDA:13,2,1,1
BRF:4
BRH:3
end_of_record
TN:
SF:/Users/chris/Desktop/mobile/src/widgets/DataTable/Header.js
FN:13,_interopRequireDefault
FN:13,Header
FNF:2
FNH:2
FNDA:1,_interopRequireDefault
FNDA:2,Header
DA:1,1
DA:13,1
DA:14,2
DA:21,1
DA:26,1
LF:5
LH:5
BRDA:13,1,0,0
BRDA:13,1,1,1
BRDA:13,2,0,1
BRDA:13,2,1,1
BRF:4
BRH:3
end_of_record
TN:
SF:/Users/chris/Desktop/mobile/src/widgets/DataTable/Cell.js
FN:14,_interopRequireDefault
FN:14,Cell
FNF:2
FNH:2
FNDA:1,_interopRequireDefault
FNDA:2,Cell
DA:1,1
DA:14,1
DA:15,2
DA:24,1
DA:30,1
DA:34,1
LF:6
LH:6
BRDA:14,1,0,0
BRDA:14,1,1,1
BRDA:14,2,0,1
BRDA:14,2,1,1
BRF:4
BRH:3
end_of_record
TN:
SF:/Users/chris/Desktop/mobile/src/widgets/DataTable/Row.js
FN:1,(anonymous_1)
FN:1,defineProperties
FN:1,(anonymous_3)
FN:8,_interopRequireDefault
FN:8,_classCallCheck
FN:8,_possibleConstructorReturn
FN:8,_inherits
FN:15,(anonymous_8)
FN:16,Row
FN:21,expandRow
FN:26,render
FNF:11
FNH:11
FNDA:1,(anonymous_1)
FNDA:1,defineProperties
FNDA:1,(anonymous_3)
FNDA:1,_interopRequireDefault
FNDA:5,_classCallCheck
FNDA:5,_possibleConstructorReturn
FNDA:1,_inherits
FNDA:1,(anonymous_8)
FNDA:5,Row
FNDA:2,expandRow
FNDA:7,render
DA:1,2
DA:8,5
DA:15,1
DA:16,5
DA:18,5
DA:21,5
DA:25,2
DA:31,7
DA:39,1
DA:45,1
DA:51,1
LF:11
LH:11
BRDA:1,1,0,2
BRDA:1,1,1,2
BRDA:1,2,0,2
BRDA:1,2,1,0
BRDA:1,3,0,1
BRDA:1,3,1,0
BRDA:1,4,0,0
BRDA:1,4,1,1
BRDA:8,5,0,0
BRDA:8,5,1,1
BRDA:8,6,0,1
BRDA:8,6,1,1
BRDA:8,7,0,0
BRDA:8,7,1,5
BRDA:8,8,0,0
BRDA:8,8,1,5
BRDA:8,9,0,0
BRDA:8,9,1,5
BRDA:8,10,0,5
BRDA:8,10,1,0
BRDA:8,10,2,0
BRDA:8,11,0,0
BRDA:8,11,1,1
BRDA:8,12,0,1
BRDA:8,12,1,0
BRDA:8,13,0,1
BRDA:8,13,1,1
BRDA:8,14,0,1
BRDA:8,14,1,0
BRDA:8,15,0,1
BRDA:8,15,1,0
BRDA:34,16,0,7
BRDA:34,16,1,4
BRDA:39,17,0,7
BRDA:39,17,1,2
BRF:35
BRH:22
end_of_record
